2022-05-24T18:19:44.990Z INFO @wdio/local-runner: Run worker command: run
2022-05-24T18:19:45.216Z DEBUG @wdio/config:utils: Found 'ts-node' package, auto-compiling TypeScript files
2022-05-24T18:19:45.425Z DEBUG @wdio/local-runner:utils: init remote session
2022-05-24T18:19:45.450Z DEBUG @wdio/utils:initialiseServices: initialise service "chromedriver" as NPM package
2022-05-24T18:19:45.666Z DEBUG @wdio/utils:initialiseServices: initialise service "static-server" as NPM package
2022-05-24T18:20:02.585Z DEBUG @wdio/local-runner:utils: init remote session
2022-05-24T18:20:02.588Z INFO webdriver: Initiate new session using the WebDriver protocol
2022-05-24T18:20:04.963Z INFO webdriver: [POST] http://localhost:9515/session
2022-05-24T18:20:04.964Z INFO webdriver: DATA {
  capabilities: {
    alwaysMatch: { browserName: 'chrome', 'goog:chromeOptions': [Object] },
    firstMatch: [ {} ]
  },
  desiredCapabilities: { browserName: 'chrome', 'goog:chromeOptions': { args: [Array] } }
}
2022-05-24T18:20:14.317Z INFO webdriver: COMMAND navigateTo("http://localhost:8080/")
2022-05-24T18:20:14.318Z INFO webdriver: [POST] http://localhost:9515/session/0ecdeabee4a3c25b0a3eedacea4b35f1/url
2022-05-24T18:20:14.318Z INFO webdriver: DATA { url: 'http://localhost:8080/' }
2022-05-24T18:20:19.716Z INFO webdriver: COMMAND getTitle()
2022-05-24T18:20:19.716Z INFO webdriver: [GET] http://localhost:9515/session/0ecdeabee4a3c25b0a3eedacea4b35f1/title
2022-05-24T18:20:19.723Z INFO webdriver: RESULT Calculator
2022-05-24T18:20:19.724Z DEBUG @wdio/utils:shim: Finished to run "beforeFeature" hook in 5408ms
2022-05-24T18:20:19.749Z INFO webdriver: COMMAND navigateTo("http://localhost:8080/")
2022-05-24T18:20:19.749Z INFO webdriver: [POST] http://localhost:9515/session/0ecdeabee4a3c25b0a3eedacea4b35f1/url
2022-05-24T18:20:19.750Z INFO webdriver: DATA { url: 'http://localhost:8080/' }
2022-05-24T18:20:20.092Z INFO webdriver: COMMAND getTitle()
2022-05-24T18:20:20.092Z INFO webdriver: [GET] http://localhost:9515/session/0ecdeabee4a3c25b0a3eedacea4b35f1/title
2022-05-24T18:20:20.098Z INFO webdriver: RESULT Calculator
2022-05-24T18:20:20.102Z INFO webdriver: COMMAND getLogTypes()
2022-05-24T18:20:20.102Z INFO webdriver: [GET] http://localhost:9515/session/0ecdeabee4a3c25b0a3eedacea4b35f1/se/log/types
2022-05-24T18:20:20.104Z INFO webdriver: RESULT [ 'browser', 'driver' ]
2022-05-24T18:20:20.105Z DEBUG @wdio/runner: Fetching logs for browser, driver
2022-05-24T18:20:20.105Z INFO webdriver: COMMAND getLogs("driver")
2022-05-24T18:20:20.105Z INFO webdriver: [POST] http://localhost:9515/session/0ecdeabee4a3c25b0a3eedacea4b35f1/se/log
2022-05-24T18:20:20.105Z INFO webdriver: DATA { type: 'driver' }
2022-05-24T18:20:20.106Z INFO webdriver: COMMAND getLogs("browser")
2022-05-24T18:20:20.106Z INFO webdriver: [POST] http://localhost:9515/session/0ecdeabee4a3c25b0a3eedacea4b35f1/se/log
2022-05-24T18:20:20.106Z INFO webdriver: DATA { type: 'browser' }
2022-05-24T18:20:20.110Z INFO webdriver: RESULT [
  {
    level: 'WARNING',
    message: 'This version of ChromeDriver has not been tested with Chrome version 101.\n',
    timestamp: 1653416409069
  }
]
2022-05-24T18:20:20.111Z INFO webdriver: RESULT []
2022-05-24T18:20:20.375Z INFO webdriver: COMMAND deleteSession()
2022-05-24T18:20:20.375Z INFO webdriver: [DELETE] http://localhost:9515/session/0ecdeabee4a3c25b0a3eedacea4b35f1
